#
# There is insufficient memory for the Java Runtime Environment to continue.
# Native memory allocation (malloc) failed to allocate 314896 bytes for Chunk::new
# Possible reasons:
#   The system is out of physical RAM or swap space
#   In 32 bit mode, the process size limit was hit
# Possible solutions:
#   Reduce memory load on the system
#   Increase physical memory or swap space
#   Check if swap backing store is full
#   Use 64 bit Java on a 64 bit OS
#   Decrease Java heap size (-Xmx/-Xms)
#   Decrease number of Java threads
#   Decrease Java thread stack sizes (-Xss)
#   Set larger code cache with -XX:ReservedCodeCacheSize=
# This output file may be truncated or incomplete.
#
#  Out of Memory Error (allocation.cpp:390), pid=4576, tid=0x0000000000001f00
#
# JRE version: Java(TM) SE Runtime Environment (8.0_101-b13) (build 1.8.0_101-b13)
# Java VM: Java HotSpot(TM) 64-Bit Server VM (25.101-b13 mixed mode windows-amd64 compressed oops)
# Failed to write core dump. Minidumps are not enabled by default on client versions of Windows
#

---------------  T H R E A D  ---------------

Current thread (0x0000000017736800):  JavaThread "C2 CompilerThread0" daemon [_thread_in_native, id=7936, stack(0x0000000017f40000,0x0000000018040000)]

Stack: [0x0000000017f40000,0x0000000018040000]
[error occurred during error reporting (printing stack bounds), id 0xc0000005]

Native frames: (J=compiled Java code, j=interpreted, Vv=VM code, C=native code)


Current CompileTask:
C2:   6842 1113       4       com.android.dx.ssa.SsaMethod::computeReachability (131 bytes)


---------------  P R O C E S S  ---------------

Java Threads: ( => current thread )
  0x0000000017a1e000 JavaThread "pool-1-thread-4" [_thread_blocked, id=8152, stack(0x0000000018940000,0x0000000018a40000)]
  0x0000000017a21800 JavaThread "pool-1-thread-3" [_thread_blocked, id=8148, stack(0x0000000018840000,0x0000000018940000)]
  0x00000000179af800 JavaThread "pool-1-thread-2" [_thread_in_vm, id=8048, stack(0x0000000018740000,0x0000000018840000)]
  0x00000000179a7800 JavaThread "pool-2-thread-1" [_thread_blocked, id=8044, stack(0x0000000018640000,0x0000000018740000)]
  0x00000000179a6800 JavaThread "pool-1-thread-1" [_thread_in_native, id=7832, stack(0x0000000018540000,0x0000000018640000)]
  0x00000000177a0800 JavaThread "Service Thread" daemon [_thread_blocked, id=7812, stack(0x0000000018340000,0x0000000018440000)]
  0x000000001779a800 JavaThread "C1 CompilerThread3" daemon [_thread_in_native, id=7808, stack(0x0000000018240000,0x0000000018340000)]
  0x0000000017793800 JavaThread "C2 CompilerThread2" daemon [_thread_in_native, id=7440, stack(0x0000000018140000,0x0000000018240000)]
  0x0000000017786800 JavaThread "C2 CompilerThread1" daemon [_thread_in_native, id=7748, stack(0x0000000018040000,0x0000000018140000)]
=>0x0000000017736800 JavaThread "C2 CompilerThread0" daemon [_thread_in_native, id=7936, stack(0x0000000017f40000,0x0000000018040000)]
  0x0000000017734000 JavaThread "Attach Listener" daemon [_thread_blocked, id=8136, stack(0x0000000017e40000,0x0000000017f40000)]
  0x0000000017733000 JavaThread "Signal Dispatcher" daemon [_thread_blocked, id=7768, stack(0x0000000017d40000,0x0000000017e40000)]
  0x00000000176e0800 JavaThread "Finalizer" daemon [_thread_blocked, id=1392, stack(0x0000000017ac0000,0x0000000017bc0000)]
  0x00000000157ed800 JavaThread "Reference Handler" daemon [_thread_blocked, id=6420, stack(0x00000000175c0000,0x00000000176c0000)]
  0x0000000002ccd800 JavaThread "main" [_thread_blocked, id=7672, stack(0x0000000002a10000,0x0000000002b10000)]

Other Threads:
  0x00000000157e9800 VMThread [stack: 0x00000000174c0000,0x00000000175c0000] [id=6460]
  0x00000000177ec000 WatcherThread [stack: 0x0000000018440000,0x0000000018540000] [id=7816]

VM state:synchronizing (normal execution)

VM Mutex/Monitor currently owned by a thread:  ([mutex/lock_event])
[0x0000000002ccc4e0] Threads_lock - owner thread: 0x00000000157e9800
[0x0000000002ccd0e0] Heap_lock - owner thread: 0x0000000017a21800

Heap:
 PSYoungGen      total 38400K, used 33280K [0x00000000eab00000, 0x00000000ed580000, 0x0000000100000000)
  eden space 33280K, 100% used [0x00000000eab00000,0x00000000ecb80000,0x00000000ecb80000)
  from space 5120K, 0% used [0x00000000ed080000,0x00000000ed080000,0x00000000ed580000)
  to   space 5120K, 0% used [0x00000000ecb80000,0x00000000ecb80000,0x00000000ed080000)
 ParOldGen       total 87552K, used 0K [0x00000000c0000000, 0x00000000c5580000, 0x00000000eab00000)
  object space 87552K, 0% used [0x00000000c0000000,0x00000000c0000000,0x00000000c5580000)
 Metaspace       used 5915K, capacity 6896K, committed 7040K, reserved 1056768K
  class space    used 594K, capacity 616K, committed 640K, reserved 1048576K

Card table byte_map: [0x0000000012090000,0x00000000122a0000] byte_map_base: 0x0000000011a90000

Marking Bits: (ParMarkBitMap*) 0x000000005d63a6d0
 Begin Bits: [0x0000000012c00000, 0x0000000013c00000)
 End Bits:   [0x0000000013c00000, 0x0000000014c00000)

Polling page: 0x00000000012a0000

CodeCache: size=245760Kb used=4556Kb max_used=4556Kb free=241203Kb
 bounds [0x0000000002cd0000, 0x0000000003150000, 0x0000000011cd0000]
 total_blobs=1397 nmethods=1128 adapters=182
 compilation: enabled

Compilation events (10 events):
Event: 6.637 Thread 0x000000001779a800 1125       3       com.android.dx.cf.iface.StdMember::<init> (69 bytes)
Event: 6.638 Thread 0x000000001779a800 nmethod 1125 0x000000000313b9d0 code [0x000000000313bb80, 0x000000000313c048]
Event: 6.638 Thread 0x000000001779a800 1120       3       com.android.dx.cf.code.BaseMachine::popArgs (72 bytes)
Event: 6.639 Thread 0x000000001779a800 nmethod 1120 0x000000000313a290 code [0x000000000313a500, 0x000000000313b2e8]
Event: 6.639 Thread 0x000000001779a800 1123       3       java.util.ArrayList::rangeCheckForAdd (26 bytes)
Event: 6.640 Thread 0x000000001779a800 nmethod 1123 0x0000000003142090 code [0x00000000031422a0, 0x0000000003142dd8]
Event: 6.640 Thread 0x000000001779a800 1126       1       sun.util.calendar.CalendarDate::getYear (5 bytes)
Event: 6.641 Thread 0x000000001779a800 nmethod 1126 0x0000000003113b10 code [0x0000000003113c60, 0x0000000003113d70]
Event: 6.641 Thread 0x000000001779a800 1127       1       sun.util.calendar.CalendarDate::getZone (5 bytes)
Event: 6.641 Thread 0x000000001779a800 nmethod 1127 0x0000000003139fd0 code [0x000000000313a120, 0x000000000313a230]

GC Heap History (0 events):
No events

Deoptimization events (10 events):
Event: 5.642 Thread 0x00000000179a6800 Uncommon trap: reason=class_check action=maybe_recompile pc=0x0000000002f91420 method=com.android.dx.rop.type.Type.equals(Ljava/lang/Object;)Z @ 8
Event: 5.643 Thread 0x00000000179a6800 Uncommon trap: reason=class_check action=maybe_recompile pc=0x0000000002f91420 method=com.android.dx.rop.type.Type.equals(Ljava/lang/Object;)Z @ 8
Event: 5.647 Thread 0x00000000179a6800 Uncommon trap: reason=unstable_if action=reinterpret pc=0x0000000002f88520 method=com.android.dx.rop.code.RegisterSpec.equals(ILcom/android/dx/rop/type/TypeBearer;Lcom/android/dx/rop/code/LocalItem;)Z @ 42
Event: 5.682 Thread 0x0000000002ccd800 Uncommon trap: reason=class_check action=maybe_recompile pc=0x0000000002f5fe14 method=com.android.dx.ssa.NormalSsaInsn.accept(Lcom/android/dx/ssa/SsaInsn$Visitor;)V @ 9
Event: 5.682 Thread 0x0000000002ccd800 Uncommon trap: reason=class_check action=maybe_recompile pc=0x0000000002f5fe14 method=com.android.dx.ssa.NormalSsaInsn.accept(Lcom/android/dx/ssa/SsaInsn$Visitor;)V @ 9
Event: 5.682 Thread 0x0000000002ccd800 Uncommon trap: reason=class_check action=maybe_recompile pc=0x0000000002f5fe14 method=com.android.dx.ssa.NormalSsaInsn.accept(Lcom/android/dx/ssa/SsaInsn$Visitor;)V @ 9
Event: 5.683 Thread 0x0000000002ccd800 Uncommon trap: reason=class_check action=maybe_recompile pc=0x0000000002f5fe14 method=com.android.dx.ssa.NormalSsaInsn.accept(Lcom/android/dx/ssa/SsaInsn$Visitor;)V @ 9
Event: 5.683 Thread 0x0000000002ccd800 Uncommon trap: reason=class_check action=maybe_recompile pc=0x0000000002f58e70 method=com.android.dx.ssa.NormalSsaInsn.accept(Lcom/android/dx/ssa/SsaInsn$Visitor;)V @ 9
Event: 6.280 Thread 0x00000000179af800 Uncommon trap: reason=unstable_if action=reinterpret pc=0x0000000002f4dfb4 method=java.util.BitSet.ensureCapacity(I)V @ 6
Event: 6.280 Thread 0x00000000179af800 Uncommon trap: reason=unstable_if action=reinterpret pc=0x0000000003053630 method=java.util.BitSet.ensureCapacity(I)V @ 6

Internal exceptions (2 events):
Event: 1.209 Thread 0x0000000002ccd800 Exception <a 'java/lang/NoSuchMethodError': Method sun.misc.Unsafe.defineClass(Ljava/lang/String;[BII)Ljava/lang/Class; name or signature does not match> (0x00000000eab07cc0) thrown at [C:\re\workspace\8-2-build-windows-amd64-cygwin\jdk8u101\7261\hotspot\sÿπ'•YÛ?
Event: 1.209 Thread 0x0000000002ccd800 Exception <a 'java/lang/NoSuchMethodError': Method sun.misc.Unsafe.prefetchRead(Ljava/lang/Object;J)V name or signature does not match> (0x00000000eab07fa8) thrown at [C:\re\workspace\8-2-build-windows-amd64-cygwin\jdk8u101\7261\hotspot\src\share\vm\prims\

Events (10 events):
Event: 5.713 Executing VM operation: EnableBiasedLocking
Event: 6.089 Executing VM operation: EnableBiasedLocking done
Event: 6.240 loading class com/android/dx/cf/code/BytecodeArray$ConstantParserVisitor
Event: 6.240 loading class com/android/dx/cf/code/BytecodeArray$ConstantParserVisitor done
Event: 6.280 Thread 0x00000000179af800 Uncommon trap: trap_request=0xffffff65 fr.pc=0x0000000002f4dfb4
Event: 6.280 Thread 0x00000000179af800 DEOPT PACKING pc=0x0000000002f4dfb4 sp=0x000000001883ea90
Event: 6.280 Thread 0x00000000179af800 DEOPT UNPACKING pc=0x0000000002d1582a sp=0x000000001883e978 mode 2
Event: 6.280 Thread 0x00000000179af800 Uncommon trap: trap_request=0xffffff65 fr.pc=0x0000000003053630
Event: 6.280 Thread 0x00000000179af800 DEOPT PACKING pc=0x0000000003053630 sp=0x000000001883ea40
Event: 6.280 Thread 0x00000000179af800 DEOPT UNPACKING pc=0x0000000002d1582a sp=0x000000001883e980 mode 2


Dynamic libraries:
0x00007ff75f040000 - 0x00007ff75f077000 	C:\Program Files\Java\jdk1.8.0_101\bin\java.exe
0x00007ffb1fe40000 - 0x00007ffb1ffec000 	C:\Windows\SYSTEM32\ntdll.dll
0x00007ffb1dc60000 - 0x00007ffb1dd9e000 	C:\Windows\system32\KERNEL32.DLL
0x00007ffb1d290000 - 0x00007ffb1d3a5000 	C:\Windows\system32\KERNELBASE.dll
0x00007ffb1bb30000 - 0x00007ffb1bbbe000 	C:\Windows\system32\apphelp.dll
0x00007ffb06a80000 - 0x00007ffb06ad3000 	C:\Windows\AppPatch\AppPatch64\AcGenral.DLL
0x00007ffb1f6e0000 - 0x00007ffb1f78a000 	C:\Windows\system32\msvcrt.dll
0x00007ffb1cd60000 - 0x00007ffb1cd8e000 	C:\Windows\SYSTEM32\SspiCli.dll
0x00007ffb1f440000 - 0x00007ffb1f494000 	C:\Windows\system32\SHLWAPI.dll
0x00007ffb1faa0000 - 0x00007ffb1fc17000 	C:\Windows\system32\USER32.dll
0x00007ffb1d9c0000 - 0x00007ffb1db54000 	C:\Windows\system32\ole32.dll
0x00007ffb1de00000 - 0x00007ffb1f319000 	C:\Windows\system32\SHELL32.dll
0x00007ffb1c530000 - 0x00007ffb1c551000 	C:\Windows\SYSTEM32\USERENV.dll
0x00007ffb1f390000 - 0x00007ffb1f43a000 	C:\Windows\system32\ADVAPI32.dll
0x00007ffb15a40000 - 0x00007ffb15a5e000 	C:\Windows\SYSTEM32\MPR.dll
0x00007ffb1f4a0000 - 0x00007ffb1f5e1000 	C:\Windows\system32\RPCRT4.dll
0x00007ffb1f610000 - 0x00007ffb1f669000 	C:\Windows\SYSTEM32\sechost.dll
0x00007ffb1fc20000 - 0x00007ffb1fe31000 	C:\Windows\SYSTEM32\combase.dll
0x00007ffb1d6a0000 - 0x00007ffb1d7f1000 	C:\Windows\system32\GDI32.dll
0x00007ffb1cf90000 - 0x00007ffb1cfa5000 	C:\Windows\SYSTEM32\profapi.dll
0x00007ffb1b500000 - 0x00007ffb1b5b2000 	C:\Windows\SYSTEM32\SHCORE.dll
0x00007ffb1db60000 - 0x00007ffb1db96000 	C:\Windows\system32\IMM32.DLL
0x00007ffb1f860000 - 0x00007ffb1f9b3000 	C:\Windows\system32\MSCTF.dll
0x00007ffb1b080000 - 0x00007ffb1b2fb000 	C:\Windows\WinSxS\amd64_microsoft.windows.common-controls_6595b64144ccf1df_6.0.9600.17415_none_6240486fecbd8abb\COMCTL32.dll
0x000000005c990000 - 0x000000005ca62000 	C:\Program Files\Java\jdk1.8.0_101\jre\bin\msvcr100.dll
0x000000005ce20000 - 0x000000005d6ba000 	C:\Program Files\Java\jdk1.8.0_101\jre\bin\server\jvm.dll
0x00007ffb12ff0000 - 0x00007ffb12ff9000 	C:\Windows\SYSTEM32\WSOCK32.dll
0x00007ffb15a10000 - 0x00007ffb15a32000 	C:\Windows\SYSTEM32\WINMM.dll
0x00007ffb189b0000 - 0x00007ffb189ba000 	C:\Windows\SYSTEM32\VERSION.dll
0x00007ffb1d800000 - 0x00007ffb1d807000 	C:\Windows\system32\PSAPI.DLL
0x00007ffb1f670000 - 0x00007ffb1f6ca000 	C:\Windows\system32\WS2_32.dll
0x00007ffb159e0000 - 0x00007ffb15a0a000 	C:\Windows\SYSTEM32\WINMMBASE.dll
0x00007ffb1fa90000 - 0x00007ffb1fa99000 	C:\Windows\system32\NSI.dll
0x00007ffb1d240000 - 0x00007ffb1d28f000 	C:\Windows\SYSTEM32\cfgmgr32.dll
0x00007ffb1bdb0000 - 0x00007ffb1bdd8000 	C:\Windows\SYSTEM32\DEVOBJ.dll
0x000000005ce10000 - 0x000000005ce1f000 	C:\Program Files\Java\jdk1.8.0_101\jre\bin\verify.dll
0x000000005cde0000 - 0x000000005ce09000 	C:\Program Files\Java\jdk1.8.0_101\jre\bin\java.dll
0x000000005cdc0000 - 0x000000005cdd6000 	C:\Program Files\Java\jdk1.8.0_101\jre\bin\zip.dll

VM Arguments:
jvm_args: -Xmx1024M -Dfile.encoding=windows-1258 -Duser.country=US -Duser.language=en -Duser.variant 
java_command: com.android.dx.command.Main --dex --num-threads=4 --output C:\Users\Yen\Desktop\React Native\AwesomeProject\android\app\build\intermediates\pre-dexed\debug\classes-b145f4bc56977d3ae9f4ee60a2c7940117a4ee17.jar C:\Users\Yen\Desktop\React Native\AwesomeProject\android\app\build\intermediates\exploded-aar\com.android.support\recyclerview-v7\23.0.1\jars\classes.jar
java_class_path (initial): C:\Users\Yen\AppData\Local\Android\sdk\build-tools\23.0.1\lib\dx.jar
Launcher Type: SUN_STANDARD

Environment Variables:
JAVA_HOME=C:\Program Files\Java\jdk1.8.0_101
CLASSPATH=C:\Users\Yen\Desktop\React Native\AwesomeProject\android\\gradle\wrapper\gradle-wrapper.jar
PATH=C:\Users\Yen\bin;C:\Program Files (x86)\Git\mingw32\bin;C:\Program Files (x86)\Git\usr\local\bin;C:\Program Files (x86)\Git\usr\bin;C:\Program Files (x86)\Git\usr\bin;C:\Program Files (x86)\Git\mingw32\bin;C:\Program Files (x86)\Git\usr\bin;C:\Users\Yen\bin;C:\ProgramData\Oracle\Java\javapath;C:\Program Files\Java\jdk1.8.0_101\bin;C:\Program Files\Java\jdk1.8.0_101;C:\opencv\build\x64\vc11\bin;C:\MinGW\bin;C:\Program Files\MongoDB\Server\3.2\bin;C:\Windows\System32;C:\Program Files (x86)\Heroku\bin;C:\Program Files (x86)\git\cmd;C:\Program Files (x86)\Git\cmd;C:\Program Files\nodejs;C:\Users\Yen\AppData\Local\atom\bin;C:\Program Files (x86)\Microsoft VS Code\bin;C:\Users\Yen\AppData\Roaming\npm;C:\Users\Yen\AppData\Local\.meteor;C:\Program Files (x86)\Git\usr\bin\vendor_perl;C:\Program Files (x86)\Git\usr\bin\core_perl
USERNAME=Yen
SHELL=C:\Program Files (x86)\Git\usr\bin\bash
DISPLAY=needs-to-be-defined
OS=Windows_NT
PROCESSOR_IDENTIFIER=Intel64 Family 6 Model 42 Stepping 7, GenuineIntel



---------------  S Y S T E M  ---------------

OS: Windows 8.1 , 64 bit Build 9600 (6.3.9600.17415)

CPU:total 8 (4 cores per cpu, 2 threads per core) family 6 model 42 stepping 7, cmov, cx8, fxsr, mmx, sse, sse2, sse3, ssse3, sse4.1, sse4.2, popcnt, avx, aes, clmul, ht, tsc, tscinvbit

Memory: 4k page, physical 8300716k(606632k free), swap 11446444k(0k free)

vm_info: Java HotSpot(TM) 64-Bit Server VM (25.101-b13) for windows-amd64 JRE (1.8.0_101-b13), built on Jun 22 2016 01:21:29 by "java_re" with MS VC++ 10.0 (VS2010)

time: Fri Oct 14 23:08:04 2016
elapsed time: 7 seconds (0d 0h 0m 7s)

